60086
74161
75344
88931
98811
106353
136038
141877
145151
151444
151891
159987
166057
166442
170788
183435
190873
191152
199869
200694
207064
208302
212770
213046
217544
217790
219338
221009
222829
223610
226174
226384
231442
231673
231745
233912
233984
234574
235250
237385
239411
239820
242537
243017
247074
249406
251091
252232
252988
253246
254694
254832
255219
255256
255277
255351
255472
255845
255897
256228
256254
256378
256742
256755
256790
256864
256985
256994
256998
257413
257431
257484
257563
258225
258238
258255
258258
258261
258270
258487
258985
259758
260097
260245
260249
260733
260813
260822
260885
260937
260940
260943
261009
261055
261068
261095
261123
261200
261312
261320
261348
261386
261411
261484
261506
261533
261700
261783
261794
261821
261890
261893
261907
262012
262052
262106
262134
262153
262165
262206
262289
262292
262336
262352
262405
262453
262591
262648
262670
262671
262680
262689
262692
262719
262739
262759
262892
262898
262901
262904
262928
262975
262997
263002
263088
263091
263155
263178
263191
263370
263399
263422
263426
263460
263500
263512
263632
263635
263645
263831
263938
263968
263977
264059
264131
264295
264313
264414
264574
264588
264687
264709
264738
264761
264842
264944
264982
265152
265219
265229
265260
265289
265290
265471
265516
265590
265594
265611
265638
265670
265757
265827
265881
265959
266077
266320
266385
266386
266447
266537
266609
266641
266647
266688
266760
266845
266861
266974
267156
267198
267243
267253
267308
267423
267430
267455
267484
267518
267521
267539
267623
267665
267716
267845
268077
268124
268210
268240
268368
268397
268463
268540
268615
268655
268718
268890
269125
269144
269217
269285
269418
269424
269431
269454
269485
269529
269676
269711
269732
269817
269886
269916
270006
270023
270114
270123
270267
270301
270342
270352
270354
270390
270397
270440
270446
270716
270878
271013
271157
271183
271226
271275
271376
271562
271565
271598
271638
271758
271787
271802
271851
271895
272071
272123
272126
272170
272196
272201
272223
272238
272240
272278
272309
272341
272513
272682
272761
272879
272940
273080
273116
273131
273176
273315
273348
273444
273447
273485
273488
273538
273756
273882
273895
273902
273903
273907
274003
274090
274203
274218
274260
274369
274420
274553
274910
275159
275224
275251
275300
275338
275382
275387
275421
275442
275466
275509
275519
275537
275596
275600
275664
275706
275721
275781
275809
275836
275851
275855
275871
275919
275922
275940
275983
276056
276065
276086
276100
276110
276120
276195
276326
276345
276363
276379
276407
276420
276436
276495
276574
276602
276691
276734
276801
276970
276980
277036
277063
277115
277241
277251
277378
277398
277462
277513
277528
277582
277664
277732
277761
277778
277884
277962
277985
278036
278078
278107
278115
278162
278171
278185
278211
278283
278308
278450
278456
278507
278531
278585
278624
278643
278673
279426
279457
279477
279586
279650
279670
279796
279809
279862
279886
279899
279955
280061
280110
280122
280137
280168
280208
280228
280277
280334
280376
280629
280639
280656
280737
280797
280838
280853
281063
281110
281118
281128
281131
281171
281247
281310
281348
281412
281474
281533
281552
281568
281571
281583
281590
281608
281769
281792
281838
281862
281884
281887
281974
281993
282097
282205
282253
282277
282471
282478
282659
282665
282953
282958
283008
283117
283343
283346
283352
283380
283509
283532
283535
283607
283610
283638
283715
283761
283772
283775
283828
283831
283851
283951
283960
283970
284113
284121
284133
284147
284150
284160
284178
284242
284261
284264
284267
284276
284522
284543
284547
284562
284565
284616
284626
284651
284833
284839
284850
284875
284986
285095
285234
285240
285241
285275
285297
285300
285358
285373
285390
285520
285598
285630
285639
285696
285805
285811
285932
286077
286080
286140
286160
286161
286162
286531
286712
286729
286863
286867
286914
286929
287102
287199
287209
287223
287246
287331
287364
287392
287479
287522
287569
287592
287673
287685
287769
287827
287861
288350
288356
288516
288519
288525
288991
289061
289131
289214
289227
289415
289430
289458
289493
289534
289537
289560
289567
289656
289675
289702
289718
289792
289794
289812
289871
289874
289969
290115
290179
290339
290419
290439
290477
290482
290517
290552
290599
290748
290964
290985
291053
291084
291111
291131
291134
291292
291295
291302
291451
291484
291619
291628
291804
291834
291870
291919
292034
292104
292107
292145
292146
292160
292220
292223
292327
292431
292439
292625
292639
292656
292732
292789
292813
292860
292865
292868
292876
292897
292913
292917
292959
293005
293035
293082
293116
293125
293148
293364
293403
293425
293431
293463
293535
293639
293656
293699
293719
293826
293847
293959
294056
294111
294201
294442
294629
295027
295129
295181
295194
295313
295323
295348
295367
295425
295683
295696
295765
295815
295934
295997
296428
296906
296912
296915
297029
297211
297214
297441
297458
297469
297485
297615
297706
297757
297760
297763
297816
297827
297909
297984
298010
298078
298100
298170
298185
298202
298224
298468
298545
298756
299091
299146
299452
299468
299538
299691
299694
299791
299794
299795
299799
299808
300018
300150
300160
300164
300168
300191
300200
300208
300229
300242
300586
300587
300605
300670
300948
300957
301169
301233
301436
301448
301500
301565
301601
301638
301650
301727
301810
301866
301901
301933
301941
301952
301962
302025
302030
302103
302144
302148
302260
302264
302288
302390
302412
302465
302483
302513
302516
302748
302957
302964
303146
303173
303191
303215
303261
303264
303267
303270
303286
303364
303370
303421
303653
303684
303809
303925
303986
304046
304155
304192
304395
304413
304444
304447
304458
304632
304664
304815
304837
304943
304946
305066
305170
305222
305261
305299
305313
305399
305609
305693
305759
305769
305842
305899
305922
306022
306075
306151
306201
306207
306219
306242
306272
306393
306458
306461
306522
306588
306631
306715
306718
306728
306840
306900
306903
306919
307037
307080
307100
307109
307131
307152
307168
307198
307210
307255
307301
307375
307378
307388
307435
307488
307521
307531
307607
307609
307613
307623
307636
307645
307680
307720
307753
307792
307848
307903
307940
308042
308095
308136
308162
308240
308262
308367
308426
308559
308588
308601
308617
308741
308807
308892
308895
308898
308910
308916
308957
308974
309044
309058
309119
309182
309237
309248
309295
309318
309345
309499
309503
309529
309561
309583
309589
309606
309690
309693
309718
309816
309830
309899
309993
310062
310087
310129
310231
310268
310319
310358
310744
310756
310786
310792
310800
310832
310836
310851
310857
310902
311150
311152
311187
311191
311195
311199
311200
311210
311224
311245
311276
311303
311309
311318
311328
311741
311742
311743
311834
311984
311995
311997
312043
312360
312477
312604
312647
313143
313177
313260
313290
313315
313370
313382
313393
313400
313429
313529
313563
313681
313761
313770
313928
314006
314025
314212
314255
314300
314408
314416
314419
314422
314425
314455
314475
314482
314689
314708
314749
314750
314755
314837
314840
314858
314915
314931
315088
315096
315152
315228
315281
315399
315429
315441
315492
315529
315557
315596
315659
315707
315755
315771
315848
316026
316052
316063
316147
316193
316240
316259
316430
316438
316448
316561
316670
316948
316959
317184
317216
317233
317282
317376
317378
317396
317559
317563
317575
317611
317641
317678
317721
317859
317970
317976
317997
318008
318076
318114
318178
318237
318518
318528
318532
318763
318777
318935
318943
318995
319009
319076
319093
319125
319278
319300
319312
319321
319473
319474
319597
319623
319645
319667
319786
319817
319838
319956
319959
319987
320000
320004
320028
320178
320187
320211
320214
320223
320329
320332
320358
320475
320546
320657
320721
320770
320771
320818
320858
320868
320881
320890
320983
321004
321022
321040
321131
321251
321366
321373
321575
321583
321602
321643
321646
321656
321723
321729
321792
321798
321805
321843
321880
321908
321909
322086
322124
322327
322354
322603
322606
322653
322701
322706
322716
322748
322776
322808
322833
322844
322882
322906
323015
323085
323138
323188
323221
323222
323402
323410
323535
323780
323831
323845
323851
323910
323965
323972
323978
324102
324230
324247
324289
324321
324352
324422
324454
324519
324619
324849
324963
325168
325220
325277
325287
325291
325317
325320
325343
325537
325563
325604
325636
325676
325709
325776
325843
325912
325927
326051
326066
326069
326128
326203
326206
326216
326232
326238
326249
326308
326607
326789
326801
326813
326826
326862
326954
326968
326971
326978
327049
327082
327206
327234
327248
327257
327313
327322
327370
327509
327530
327544
327557
327703
327726
327763
327880
327901
328000
328051
328063
328302
328421
328424
328473
328509
328568
328598
328637
328697
328698
328742
329771
329848
329944
329973
330078
330139
330145
330169
330201
330208
330280
330303
330331
330335
330391
330496
330558
330562
330573
330652
330702
330709
330728
330733
330825
330853
330963
330977
331009
331024
331096
331100
331103
331162
331300
331373
331402
331474
331486
331551
331620
331801
331870
331875
331887
331957
331971
332114
332177
332180
332374
332414
332418
332652
332656
332899
333026
333038
333173
333215
333233
333327
333398
333471
333483
333528
333745
333777
333845
333932
334068
334255
334257
334272
334285
334368
334556
334585
334742
335012
335036
335062
335079
335510
335593
335857
335913
336087
336341
336724
336832
337187
337259
337264
337295
337322
337385
337480
337497
337518
337713
337843
337888
337931
338187
338188
338199
338201
338222
338240
338583
338911
339004
339007
339080
339146
339147
339151
339182
339668
339709
340005
340558
341018
341233
341245
341246
341328