20026
20027
20028
20029
20030
20031
20032
20033
20034
20035
20036
20037
20038
20039
20040
20041
20042
20043
20044
20045
20046
20047
20048
20049
20050
20051
20052
20053
20054
20055
20056
20057
20058
20059
20060
20061
20062
20063
20064
20065
20066
20067
20068
20069
20070
20071
20072
20073
20074
20075
20076
20077
20078
20079
20080
20081
20082
20083
20084
20085
20086
20087
20088
20089
20090
20091
20092
20093
20094
20095
20096
20097
20098
20099
20100
20101
20102
20103
20104
20105
20106
20107
20108
20109
20110
20111
20112
20113
20114
20115
20116
20117
20118
20119
20120
20126
20127
20128
20129
20130
20131
20132
20133
20134
20135
20136
20137
20138
20139
20140
20141
20142
20143
20144
20145
20146
20147
20148
20149
20150
20151
20152
20153
20154
20155
20156
20157
20158
20159
20160
20161
20162
20163
20164
20165
20166
20167
20168
20169
20170
20171
20172
20173
20174
20175
20176
20177
20178
20179
20181
20182
20183
20184
20185
20186
20187
20188
20189
20190
20191
20192
20193
20194
20195
20196
20197
20198
20199
20200
20201
20202
20203
20204
20205
20206
20207
20208
20209
20210
20180
20211
20212
20213
20214
20215
20216
20217
20218
20219
20220
20221
20222
20223
20224
20225
20226
20230
20231
20232
20233
20234
20235
20236
20237
20238
20239
20240
20241
20242
20243
20244
20245
20246
20247
20282
20283
20284
20285
20286
20287
20288
20289
20290
20291
20292
20293
20294
20295
20296
20297
20298
20299
20300
20301
20302
20303
20304
20305
20306
20307
20308
20309
20310
20311
20312
20313
20314
20315
20316
20317
20318
20319
20320
20321
20322
20323
20324
20325
20326
20327
20328
20329
20330
20331
20332
20333
20334
20335
20336
20337
20338
20339
20340
20341
20342
20343
20344
20345
20346
20347
20348
20349
20350
20351
20352
20353
20354
20355
20356
20357
20358
20359
20360
20361
20362
20363
20364
20365
20366
20367
20368
20369
20370
20371
20372
20373
20374
20375
20376
20377
20378
20379
20380
20381
20382
20383
20384
20385
20386
20387
20388
20389
20390
20391
20392
20393
20394
20395
20396
20397
20398
20399
20400
20401
20402
20403
20404
20405
20406
20407
20408
20409
20410
20411
20412
20413
20414
20415
20416
20417
20418
20419
20420
20421
20422
20423
20424
20425
20426
20427
20428
20429
20430
20431
20432
20433
20434
20435
20436
20437
20438
20439
20440
20441
20442
20443
20444
20445
20446
20447
20448
20449
20450
20451
20452
20453
20454
20455
20456
20457
20458
20459
20460
20461
20462
20463
20464
20465
20466
20467
20468
20469
20470
20471
20472
20473
20474
20475
20476
20477
20478
20479
20480
20481
20482
20483
20484
20485
20486
20487
20488
20489
20490
20491
20492
20493
20494
20495
20496
20497
20499
20500
20501
20502
20503
20504
20505
20506
20507
20508
20509
20510
20511
20512
20513
20514
20515
20516
20517
20518
20519
20520
20521
20522
20523
20524
20525
20526
20527
20528
20529
20530
20531
20532
20533
20534
20535
20536
20537
20538
20539
20540
20541
20542
20543
20544
20545
20546
20547
20548
20549
20550
20551
20552
20553
20554
20555
20556
20557
20558
20559
20560
20561
20562
20563
20564
20565
20566
20567
20568
20569
20570
20571
20572
20573
20574
20575
20576
20577
20578
20579
20580
20581
20582
20583
20584
20585
20586
20587
20588
20589
20590
20591
20592
20593
20594
20595
20596
20597
20598
20599
20600
20601
20602
20603
20604
20605
20606
20607
20608
20610
20611
20612
20613
20614
20615
20616
20617
20618
20619
20620
20621
20622
20623
20624
20625
20626
20627
20628
20629
20630
20631
20632
20633
20634
20635
20636
20637
20638
20639
20640
20641
20642
20643
20644
20645
20646
20647
20648
20649
20650
20651
20652
20653
20654
20655
20656
20657
20658
20659
20660
20661
20662
20663
20664
20665
20666
20667
20668
20669
20670
20671
20672
20673
20674
20675
20676
20677
20678
20679
20680
20681
20682
20683
20684
20685
20686
20687
20688
20689
20690
20691
20692
20693
20694
20695
20696
20697
20698
20699
20700
20701
20702
20703
20704
20705
20706
20707
20708
20709
20710
20711
20712
20713
20714
20715
20716
20717
20718
20719
20720
20721
20722
20723
20724
20725
20726
20727
20728
20729
20730
20731
20732
20733
20734
20735
20736
20737
20738
20739
20740
20741
20742
20743
20744
20745
20746
20747
20748
20749
20750
20751
20753
20754
20755
20756
20757
20758
20759
20760
20761
20762
20763
20764
20765
20766
20767
20768
20769
20770
20771
20772
20773
20774
20775
20776
20777
20778
20779
20783
20784
20785
20786
20787
20788
20789
20790
20791
20792
20793
20794
20795
20796
20797
20798
20799
20800
20801
20802
20803
20804
20805
20806
20807
20808
20809
20810
20811
20812
20813
20814
20815
20816
20817
20818
20819
20820
20821
20822
20823
20824
20825
20828
20829
20830
20831
20832
20833
20834
20835
20836
20837
20838
20839
20840
20841
20842
20843
20844
20845
20846
20847
20848
20849
20850
20851
20852
20853
20854
20855
20856
20857
20858
20859
20860
20861
20862
20863
20864
20865
20866
20867
20868
20869
20870
20871
20872
20873
20874
20876
20877
20878
20879
20880
20881
20882
20883
20884
20885
20886
20887
20888
20889
20890
20891
20892
20893
20894
20895
20896
20897
20898
20899
20900
20901
20902
20903
20904
20905
20906
20907
20908
20909
20910
20911
20912
20913
20914
20915
20916
20917
20918
20919
20920
20921
20922
20923
20924
20925
20926
20927
20928
20929
20930
20931
20932
20933
20609
20986
20987
20988
20989
20990
20991
20992
20993
20994
20995
20996
21001
21002
21003
21004
21005
21006
21007
21008
21009
21010
21011
21012
21013
21014
21015
21016
21017
21018
21019
21020
21021
21022
21023
21025
21026
21027
21028
21029
21030
21031
21032
21033
21034
21035
21036
21037
21038
21040
21041
21042
21043
21044
21045
21046
21047
21048
21049
21050
21051
21052
21053
21054
21055
21056
21057
21058
21059
21060
21061
21062
21063
21064
21065
21066
21067
21068
21069
21070
21071
21072
21073
21074
21075
21076
21077
21078
21079
21080
21081
21082
21083
21084
21085
21086
21087
21088
21089
21090
21091
21092
21093
21094
21095
21097
21098
21099
21100
21101
21102
21103
21104
21105
21106
21107
21108
21109
21110
21111
21113
21114
21115
21117
21118
21119
21120
21121
21122
21123
21124
21125
21126
21127
21128
21129
21130
21131
21132
21133
21134
21135
21136
21137
21138
21139
21140
21141
21142
21143
21144
21145
21146
21147
21148
21149
21150
21151
21152
21153
21154
21155
21156
21157
21158
21159
21160
21161
21162
21163
21164
21165
21166
21167
21168
21169
21170
21171
21172
21173
21174
21175
21176
21177
21178
21179
21181
21182
21183
21184
21186
21187
21188
21189
21191
21193
21194
21195
21196
21199
21200
21201
21202
21203
21204
21205
21206
21207
21208
21209
21210
21211
21212
21213
21214
21216
21217
21218
21219
21220
21221
21222
21223
21225
21226
21227
21229
21230
21231
21232
21233
21234
21235
21236
21237
21238
21239
21240
21241
21242
21243
21244
21245
21246
21247
21248
21249
21250
21251
21252
21253
21254
21255
21256
21257
21258
21259
21260
21261
21262
21263
21265
21266
21267
21268
21269
21270
21271
21272
21273
21274
21275
21276
21277
21278
21279
21280
21281
21282
21283
21284
21285
21286
21287
21288
21289
21290
21291
21293
21295
21297
21299
21300
21301
21304
21305
21306
21307
21308
21309
21310
21311
21312
21313
21314
21315
21316
21317
21318
21319
21320
21321
21322
21325
21326
21327
21330
21331
21332
21333
21334
21335
21336
21337
21339
21340
21341
21342
21343
21345
21346
21347
21349
21350
21351
21353
21354
21355
21356
21357
21358
21360
21361
21363
21364
21365
21366
21367
21368
21369
21370
21371
21372
21373
21374
21375
21377
21378
21379
21380
21381
21382
21383
21384
21385
21386
21387
21388
21389
21390
21391
21392
21393
21394
21395
21396
21397
21398
21400
21401
21402
21403
21404
21405
21406
21407
21408
21409
21410
21412
21413
21414
21415
21417
21419
21420
21421
21422
21423
21424
21425
21426
21427
21430
21431
21432
21433
21434
21435
21436
21437
21438
21440
21441
21442
21443
21444
21445
21446
21447
21448
21449
21451
21452
21453
21454
21455
21456
21457
21458
21459
21460
21461
21463
21464
21465
21466
21467
21468
21469
21471
21472
21473
21474
21475
21476
21477
21478
21479
21480
21481
21482
21483
21484
21485
21486
21488
40585
40658
40766
40781
40796
40838
40868
41476
41518
41521
41612
42489
45063
45071
45074
45117
45159
45187
45199
45214
45217
45304
45307
45585
45660
45705
45767
45800
45946
45952
46049
47466
47487
47514
47576
47669
47709
47741
47767
47903
47904
48096
48134
48156
48282
48307
48310
48322
48328
48431
48558
48581
48589
49315
49355
49410
53066
53069
53094
53128
53153
53164
53194
53281
53329
53342
54791
54903
54938
55065
55139
55165
55235
55243
55253
55339
55353
55398
56865
56882
56916
56960
57106
57154
57178
57234
57251
57272
57296
59324
59361
59389
59490
59514
59607
59645
59683
59732
59765
59851
59884
59915
59951
59954
59963
59977
60018
60061
60078
60888
60938
60975
60982
60985
61048
61085
61126
61166
61243
61250
61338
61406
61527
61625
61770
61818
61841
61848
61884
61897
62117
62164
62185
62193
62217
62298
63139
63154
63370
63533
63565
63723
63788
63822
63839
63922
63925
64090
64160
64992
64995
65013
65030
65036
65086
65110
65290
65358
65390
65413
65445
65491
65635
65638
65770
65811
65818
65864
65879
65888
65943
65984
66010
66203
66206
66244
66292
66318
66331
66366
66407
66424
66485
66500
66507
66538
67166
67231
67298
67367
69292
69320
69409
69494
69497
69519
69530
69565
69578
69602
69729
69761
69802
69820
69950
70039
70066
71196
71209
71243
71266
71284
71296
71422
71433
71444
71500
71523
71553
71572
71575
71585
71743
71746
71761
71772
71848
71931
72029
72039
72072
72913
72959
72990
73044
73126
73163
73219
73321
73379
75178
75189
75192
75316
75354
75379
75387
75416
75440
75484
75505
75559
75582
75585
75648
75656
75781
75784
75789
75808
75889
75931
76039
76042
76157
76197
76261
76274
76284
76287
76345
76373
76958
77001
77004
77007
77056
77123
77191
77266
77361
77432
77444
77448
77518
77521
79850
80020
80122
80199
80579
80594
80616
80623
80682
80826
80871
80896
82891
82918
82994
83061
85768
86092
86101
86116
86200
86218
86237
86258
86261
86323
86437
86559
88757
88807
88823
88859
88931
88983
89020
89107
89124
90659
90665
90686
90689
90692
90695
90698
90728
90823
90832
90841
90853
90908
92258
92286
92303
92312
92330
92336
92375
92446
92449
92470
93998
94071
94190
94207
94280
94404
94450
94549
94561
94570
94576
94583
94624
94673
94679
94694
94740
94768
94870
94927
96252
96255
96276
96279
96294
96339
96395
96496
96684
96744
96776
97001
97035
97080
97086
97297
97342
97348
97442
97446
97466
97534
97595
97621
97672
97678
98379
98422
98512
98518
98543
98620
98623
98632
98633
98731
98741
98753
98759
98762
98781
98853
98859
98874
98892
99678
99687
99743
99786
99804
99815
99873
99920
99950
100012
100102
100123
100174
100177
100211
100259
100283
100299
100303
100470
101587
101618
101684
101736
101780
101806
101860
101863
101918
102915
103226
103246
103327
103335
103345
103402
103742
103748
103758
103780
103815
103835
103845
103851
105521
105562
105595
105604
105607
105739
105775
109039
109048
109105
109217
109229
109247
109263
109275
111235
111262
111381
111458
111461
111648
111818
112049
112136
112139
112152
112164
112176
112212
112973
112974
112975
112987
112996
113012
113018
113027
113092
113102
113173
113176
114582
114750
114761
114767
114815
114821
114863
114866
114928
114989
115004
115027
115043
115052
115071
115086
115115
115122
115153
115159
115395
115441
115480
116185
116228
116300
116325
116365
118420
118480
118592
118595
118601
118610
118620
118629
118641
118648
118727
118759
118878
118978
119046
119097
119166
119202
120771
120777
120817
120826
120829
120874
120967
121032
121059
121074
121115
121140
121143
121309
121333
123095
123194
123267
123312
123360
123423
123443
123447
123448
123516
123539
124532
124535
124538
124541
124544
124547
124550
124553
124556
124600
124603
124606
124609
124612
124615
124618
124621
124624
124627
124630
124757
124827
124830
124847
124850
124855
124908
124956
125007
125046
125052
125058
125415
125472
125487
125576
125741
125759
125780
125860
125890
125977
126028
126040
126052
127213
127225
127267
127350
127366
127385
127402
127408
127414
127417
127439
127442
127482
127503
127515
127552
127559
127597
128847
128856
128868
128874
128969
128978
129269
129354
129390
129447
129484
129510
129513
129522
129546
129555
129597
129609
129735
129771
129780
129816
130046
130136
130139
130145
130193
130208
130280
130286
130344
130643
130690
130708
130780
130917
130923
130937
130945
130985
131006
131051
131719
131792
131795
131822
131939
131945
133635
133650
133653
133704
133879
133938
133966
133972
134014
134020
134142
134145
134169
134172
135383
135421
135466
135502
135505
135508
135781
135900
136547
136673
136813
136881
136884
136968
136971
137028
137086
137098
137206
139230
139284
139320
139371
139432
139465
139471
139504
139530
139536
139539
139554
139575
139578
139581
139600
139651
139719
139776
139796
139823
139850
139863
139885
139942
140023
140032
141039
141079
141136
141139
141152
141178
141190
142816
142939
142993
143038
143077
143083
143164
144423
144489
144610
144870
144879
144953
144995
145007
145028
145068
145074
145130
145151
146362
146386
146482
146542
146554
146714
146903
147024
147033
147077
147083
147095
147107
147116
147201
147305
147472
147475
147667
147700
147735
147786
147863
147894
147921
147930
147933
147969
147998
148236
148347
149189
149306
149347
149353
149371
151121
151124
151127
151130
151133
151200
151215
151218
151266
151333
151372
151400
151406
151418
151444
151515
151564
151804
151891
151900
151909
151924
151940
156310
156341
156365
156447
156454
156460
156463
156535
156559
156905
156921
156968
156997
157102
157153
157162
157183
157207
157210
157282
157303
157354
157390
157444
157522
157576
157589
157691
157694
157697
158828
158843
158856
158863
158907
158939
158948
158966
159048
159069
159078
159087
159093
159105
159337
159384
159404
159407
159476
159494
159524
159563
159650
159656
159695
159743
159761
159816
159828
159843
159933
159987
159998
159999
160005
160046
160073
160237
160558
160595
160997
161032
161227
161241
161643
161920
